<?xml version="1.0" encoding="utf-8"?><testsuites name="pytest tests"><testsuite name="pytest" errors="0" failures="0" skipped="0" tests="19" time="1.784" timestamp="2026-08-17T02:10:42.130177+00:00" hostname="agent-env-bef4f803-94e8-4cfe-ab8a-fcf2397a89de"><testcase classname="tests.test_admin.TestAdminAuth" name="test_login_wrong_pin" time="0.258" /><testcase classname="tests.test_admin.TestAdminCustomers" name="test_customers_list" time="0.286" /><testcase classname="tests.test_admin.TestAdminAuth" name="test_login_correct_pin" time="0.026" /><testcase classname="tests.test_admin.TestAdminAuth" name="test_admin_requires_bearer" time="0.205" /><testcase classname="tests.test_admin.TestAdminCustomers" name="test_create_customer_and_duplicate_and_detail_and_assign" time="0.297" /><testcase classname="tests.test_admin.TestAdminAuth" name="test_admin_rejects_bad_bearer" time="0.068" /><testcase classname="tests.test_admin.TestAdminCustomers" name="test_customer_not_found" time="0.067" /><testcase classname="tests.test_admin.TestAdminComplaints" name="test_complaint_list_filters" time="0.241" /><testcase classname="tests.test_admin.TestAdminCustomers" name="test_assign_plan_missing_plan" time="0.091" /><testcase classname="tests.test_admin.TestAdminPlans" name="test_list_includes_inactive_field" time="0.027" /><testcase classname="tests.test_admin.TestAdminPlans" name="test_create_update_toggle_delete" time="0.333" /><testcase classname="tests.test_admin.TestAdminComplaints" name="test_complaint_status_transitions" time="0.119" /><testcase classname="tests.test_admin.TestAdminComplaints" name="test_complaint_bad_status" time="0.067" /><testcase classname="tests.test_admin.TestAdminComplaints" name="test_complaint_not_found" time="0.028" /><testcase classname="tests.test_admin.TestAdminStats" name="test_stats_fields" time="0.026" /><testcase classname="tests.test_admin.TestAdminOffers" name="test_offers_crud" time="0.217" /><testcase classname="tests.test_admin.TestAdminPlans" name="test_update_missing_plan" time="0.068" /><testcase classname="tests.test_admin.TestAdminChangePin" name="test_change_pin_wrong_current" time="0.025" /><testcase classname="tests.test_admin.TestAdminChangePin" name="test_change_pin_success_then_revert" time="0.284" /></testsuite></testsuites>