<?xml version="1.0" encoding="utf-8"?><testsuites name="pytest tests"><testsuite name="pytest" errors="0" failures="0" skipped="0" tests="20" time="1.226" timestamp="2026-08-17T01:40:56.386616+00:00" hostname="agent-env-bef4f803-94e8-4cfe-ab8a-fcf2397a89de"><testcase classname="tests.backend_test.TestAuth" name="test_send_otp_valid" time="0.147" /><testcase classname="tests.backend_test.TestPlans" name="test_all_plans" time="0.147" /><testcase classname="tests.backend_test.TestPlans" name="test_plans_filter_monthly" time="0.144" /><testcase classname="tests.backend_test.TestAuth" name="test_send_otp_invalid_phone" time="0.141" /><testcase classname="tests.backend_test.TestAuth" name="test_verify_otp_invalid" time="0.066" /><testcase classname="tests.backend_test.TestPlans" name="test_plans_filter_6m" time="0.067" /><testcase classname="tests.backend_test.TestAuth" name="test_verify_otp_valid_returns_user" time="0.030" /><testcase classname="tests.backend_test.TestPlans" name="test_plans_filter_yearly" time="0.077" /><testcase classname="tests.backend_test" name="test_root" time="0.026" /><testcase classname="tests.backend_test" name="test_offers" time="0.067" /><testcase classname="tests.backend_test" name="test_customer_care" time="0.099" /><testcase classname="tests.backend_test.TestRecharge" name="test_recharge_success" time="0.131" /><testcase classname="tests.backend_test.TestRecharge" name="test_recharge_history" time="0.069" /><testcase classname="tests.backend_test.TestMe" name="test_me_unauthenticated" time="0.036" /><testcase classname="tests.backend_test.TestRecharge" name="test_recharge_invalid_plan" time="0.067" /><testcase classname="tests.backend_test.TestMe" name="test_me_authenticated" time="0.144" /><testcase classname="tests.backend_test.TestChangePlan" name="test_change_plan_success" time="0.095" /><testcase classname="tests.backend_test.TestComplaints" name="test_get_seeded" time="0.025" /><testcase classname="tests.backend_test.TestComplaints" name="test_create_complaint" time="0.135" /><testcase classname="tests.backend_test.TestChangePlan" name="test_change_plan_not_found" time="0.026" /></testsuite></testsuites>